<?xml version="1.0" encoding="UTF-8"?>
<!-- Generated by org.testng.reporters.JUnitReportReporter -->
<testsuite hostname="DESKTOP-QVKKF6L" failures="0" tests="1" name="test.SettingsLinkTest" time="2.378" errors="0" timestamp="08 ago. 2020 03:54:34 GMT" skipped="0">
  <testcase classname="test.SettingsLinkTest" name="settingsLinkTest" time="2.378"/>
</testsuite> <!-- test.SettingsLinkTest -->
