<?xml version="1.0" encoding="UTF-8"?>
<!-- Generated by org.testng.reporters.JUnitReportReporter -->
<testsuite hostname="DESKTOP-QVKKF6L" failures="0" tests="1" name="test.SettingsLinkTest" time="1.436" errors="0" timestamp="07 ago. 2020 18:23:29 GMT" skipped="0">
  <testcase classname="test.SettingsLinkTest" name="settingsLinkTest" time="1.436"/>
</testsuite> <!-- test.SettingsLinkTest -->
